#
# A fatal error has been detected by the Java Runtime Environment:
#
#  SIGSEGV (0xb) at pc=0x00007effc265867b, pid=2812, tid=0x00007effc2dba700
#
# JRE version: OpenJDK Runtime Environment (8.0_121-b13) (build 1.8.0_121-8u121-b13-0ubuntu1.16.04.2-b13)
# Java VM: OpenJDK 64-Bit Server VM (25.121-b13 mixed mode linux-amd64 compressed oops)
# Problematic frame:
# C  [libc.so.6+0x7b67b]  _IO_default_xsputn+0x4b
#
# Failed to write core dump. Core dumps have been disabled. To enable core dumping, try "ulimit -c unlimited" before starting Java again
#
# If you would like to submit a bug report, please visit:
#   http://bugreport.java.com/bugreport/crash.jsp
# The crash happened outside the Java Virtual Machine in native code.
# See problematic frame for where to report the bug.
#

---------------  T H R E A D  ---------------

Current thread (0x00007effbc00c000):  JavaThread "main" [_thread_in_native, id=2815, stack(0x00007effc2cba000,0x00007effc2dbb000)]

siginfo: si_signo: 11 (SIGSEGV), si_code: 1 (SEGV_MAPERR), si_addr: 0x0000000000000004

Registers:
RAX=0x0000000000000000, RBX=0x0000000000000001, RCX=0xcccccccccccccccd, RDX=0x0000000000000030
RSP=0x00007effc2db8880, RBP=0x0000000000000001, RSI=0x00007effc2db8de7, RDI=0x0000000000000004
R8 =0x0000000000000000, R9 =0x0000000000000000, R10=0x0000000000000000, R11=0x0000000000000000
R12=0x00007effc2db8e30, R13=0x0000000000000001, R14=0x00007effc2db8de7, R15=0x00007eff9b76e07f
RIP=0x00007effc265867b, EFLAGS=0x0000000000010246, CSGSFS=0x0000000000000033, ERR=0x0000000000000006
  TRAPNO=0x000000000000000e

Top of Stack: (sp=0x00007effc2db8880)
0x00007effc2db8880:   00007effc2db8e30 00007effc2db8e20
0x00007effc2db8890:   00007eff9b76e07f 00007effc2db8f58
0x00007effc2db88a0:   0000000000000000 00007effc262ae00
0x00007effc2db88b0:   0000000000000000 00007eff00000000
0x00007effc2db88c0:   00007effc2db8a64 00007effc2db8998
0x00007effc2db88d0:   00007effc2db8988 00007eff00000000
0x00007effc2db88e0:   0000000000000000 00007effc2db89a0
0x00007effc2db88f0:   0000000000000000 00007effc2bc5394
0x00007effc2db8900:   0000000000000000 00007effc2dba620
0x00007effc2db8910:   0000000000000000 00007eff00000000
0x00007effc2db8920:   00007effc2db89b0 00007eff00000000
0x00007effc2db8930:   00007eff0000000a 0000000000000001
0x00007effc2db8940:   00007effc2db8de7 0000000000000000
0x00007effc2db8950:   00007eff00000000 0000000000000000
0x00007effc2db8960:   00007effc2db8a00 0000000000000000
0x00007effc2db8970:   ffffffffffffffff 0000000200000000
0x00007effc2db8980:   00007effc2db8a70 00007eff9b76e080
0x00007effc2db8990:   00007effbc32f490 00007effbc00c000
0x00007effc2db89a0:   93273609300d9d39 932736c6850f9d39
0x00007effc2db89b0:   000000000000006a 0000000000000000
0x00007effc2db89c0:   0000000000000007 0000003000000010
0x00007effc2db89d0:   00007effc2db9030 00007effc2db8f70
0x00007effc2db89e0:   00007effc2db8b80 00007effbc32f490
0x00007effc2db89f0:   00007effbc00c000 00007effc266098c
0x00007effc2db8a00:   0000000000000002 00007effbc00c000
0x00007effc2db8a10:   00007effc2db8a60 00007effbc32f490
0x00007effc2db8a20:   00007effc2db8ac0 00007effbc00c1e0
0x00007effc2db8a30:   00007effc2db8b80 00007effbc32f490
0x00007effc2db8a40:   00007effbc00c000 00007effc266098c
0x00007effc2db8a50:   0000000000000000 00007effbc32f490
0x00007effc2db8a60:   00007effbc00c1e0 00007effc2db8b80
0x00007effc2db8a70:   00007effbc32f490 00007effbc32f490 

Instructions: (pc=0x00007effc265867b)
0x00007effc265865b:   39 df 73 36 48 29 fb 48 39 eb 48 0f 47 dd 48 83
0x00007effc265866b:   fb 14 77 51 48 85 db 74 1e 31 c0 41 0f b6 14 06
0x00007effc265867b:   88 14 07 48 83 c0 01 48 39 c3 75 ef 48 01 df 49
0x00007effc265868b:   01 de 49 89 7c 24 28 48 29 dd 48 85 ed 74 3e 49 

Register to memory mapping:

RAX=0x0000000000000000 is an unknown value
RBX=0x0000000000000001 is an unknown value
RCX=0xcccccccccccccccd is an unknown value
RDX=0x0000000000000030 is an unknown value
RSP=0x00007effc2db8880 is pointing into the stack for thread: 0x00007effbc00c000
RBP=0x0000000000000001 is an unknown value
RSI=0x00007effc2db8de7 is pointing into the stack for thread: 0x00007effbc00c000
RDI=0x0000000000000004 is an unknown value
R8 =0x0000000000000000 is an unknown value
R9 =0x0000000000000000 is an unknown value
R10=0x0000000000000000 is an unknown value
R11=0x0000000000000000 is an unknown value
R12=0x00007effc2db8e30 is pointing into the stack for thread: 0x00007effbc00c000
R13=0x0000000000000001 is an unknown value
R14=0x00007effc2db8de7 is pointing into the stack for thread: 0x00007effbc00c000
R15=0x00007eff9b76e07f: <offset 0x107f> in /usr/lib/libdevices.so at 0x00007eff9b76d000


Stack: [0x00007effc2cba000,0x00007effc2dbb000],  sp=0x00007effc2db8880,  free space=1018k
Native frames: (J=compiled Java code, j=interpreted, Vv=VM code, C=native code)
C  [libc.so.6+0x7b67b]  _IO_default_xsputn+0x4b

Java frames: (J=compiled Java code, j=interpreted, Vv=VM code)
j  org.apache.hadoop.yarn.server.nodemanager.util.devices.NvidiaManagementLibrary.queryMandatoryDevices()Ljava/lang/String;+0
j  org.apache.hadoop.yarn.server.nodemanager.util.devices.NvidiaManagementLibrary.main([Ljava/lang/String;)V+15
v  ~StubRoutines::call_stub
j  sun.reflect.NativeMethodAccessorImpl.invoke0(Ljava/lang/reflect/Method;Ljava/lang/Object;[Ljava/lang/Object;)Ljava/lang/Object;+0
j  sun.reflect.NativeMethodAccessorImpl.invoke(Ljava/lang/Object;[Ljava/lang/Object;)Ljava/lang/Object;+100
j  sun.reflect.DelegatingMethodAccessorImpl.invoke(Ljava/lang/Object;[Ljava/lang/Object;)Ljava/lang/Object;+6
j  java.lang.reflect.Method.invoke(Ljava/lang/Object;[Ljava/lang/Object;)Ljava/lang/Object;+56
j  com.intellij.rt.execution.application.AppMain.main([Ljava/lang/String;)V+170
v  ~StubRoutines::call_stub

---------------  P R O C E S S  ---------------

Java Threads: ( => current thread )
  0x00007effbc335000 JavaThread "Monitor Ctrl-Break" daemon [_thread_new, id=2841, stack(0x0000000000000000,0x0000000000000000)]
  0x00007effbc0bb800 JavaThread "Service Thread" daemon [_thread_blocked, id=2839, stack(0x00007eff9beff000,0x00007eff9c000000)]
  0x00007effbc0b4000 JavaThread "C1 CompilerThread2" daemon [_thread_blocked, id=2838, stack(0x00007effa0024000,0x00007effa0125000)]
  0x00007effbc0b2800 JavaThread "C2 CompilerThread1" daemon [_thread_blocked, id=2837, stack(0x00007effa0125000,0x00007effa0226000)]
  0x00007effbc0af800 JavaThread "C2 CompilerThread0" daemon [_thread_blocked, id=2836, stack(0x00007effa0226000,0x00007effa0327000)]
  0x00007effbc0ad800 JavaThread "Signal Dispatcher" daemon [_thread_blocked, id=2835, stack(0x00007effa0327000,0x00007effa0428000)]
  0x00007effbc086000 JavaThread "Finalizer" daemon [_thread_blocked, id=2828, stack(0x00007effa1096000,0x00007effa1197000)]
  0x00007effbc081800 JavaThread "Reference Handler" daemon [_thread_blocked, id=2827, stack(0x00007effa1197000,0x00007effa1298000)]
=>0x00007effbc00c000 JavaThread "main" [_thread_in_native, id=2815, stack(0x00007effc2cba000,0x00007effc2dbb000)]

Other Threads:
  0x00007effbc079800 VMThread [stack: 0x00007effa1298000,0x00007effa1399000] [id=2824]
  0x00007effbc0be000 WatcherThread [stack: 0x00007eff9bdfe000,0x00007eff9beff000] [id=2840]

VM state:not at safepoint (normal execution)

VM Mutex/Monitor currently owned by a thread: None

Heap:
 PSYoungGen      total 74752K, used 3870K [0x000000076cd80000, 0x0000000772080000, 0x00000007c0000000)
  eden space 64512K, 6% used [0x000000076cd80000,0x000000076d147b18,0x0000000770c80000)
  from space 10240K, 0% used [0x0000000771680000,0x0000000771680000,0x0000000772080000)
  to   space 10240K, 0% used [0x0000000770c80000,0x0000000770c80000,0x0000000771680000)
 ParOldGen       total 171008K, used 0K [0x00000006c6800000, 0x00000006d0f00000, 0x000000076cd80000)
  object space 171008K, 0% used [0x00000006c6800000,0x00000006c6800000,0x00000006d0f00000)
 Metaspace       used 2897K, capacity 4494K, committed 4864K, reserved 1056768K
  class space    used 312K, capacity 386K, committed 512K, reserved 1048576K

Card table byte_map: [0x00007effaba2a000,0x00007effac1f7000] byte_map_base: 0x00007effa83f6000

Marking Bits: (ParMarkBitMap*) 0x00007effc1f85220
 Begin Bits: [0x00007effa3534000, 0x00007effa7394000)
 End Bits:   [0x00007effa7394000, 0x00007effab1f4000)

Polling page: 0x00007effc2dd7000

CodeCache: size=245760Kb used=1140Kb max_used=1140Kb free=244619Kb
 bounds [0x00007effac5b7000, 0x00007effac827000, 0x00007effbb5b7000]
 total_blobs=293 nmethods=61 adapters=147
 compilation: enabled

Compilation events (10 events):
Event: 0,057 Thread 0x00007effbc0b4000   54       3       java.lang.String::toLowerCase (8 bytes)
Event: 0,057 Thread 0x00007effbc0b4000 nmethod 54 0x00007effac6d2f10 code [0x00007effac6d3080, 0x00007effac6d32e8]
Event: 0,057 Thread 0x00007effbc0b4000   55       3       java.util.Locale::getDefault (4 bytes)
Event: 0,057 Thread 0x00007effbc0b4000 nmethod 55 0x00007effac6d3390 code [0x00007effac6d34e0, 0x00007effac6d3630]
Event: 0,057 Thread 0x00007effbc0b4000   56       1       java.net.URL::getQuery (5 bytes)
Event: 0,057 Thread 0x00007effbc0b4000 nmethod 56 0x00007effac6d3690 code [0x00007effac6d37e0, 0x00007effac6d38f0]
Event: 0,057 Thread 0x00007effbc0b4000   57       1       java.net.URL::getRef (5 bytes)
Event: 0,057 Thread 0x00007effbc0b4000 nmethod 57 0x00007effac6d3950 code [0x00007effac6d3aa0, 0x00007effac6d3bb0]
Event: 0,057 Thread 0x00007effbc0b4000   61       1       java.nio.charset.Charset::name (5 bytes)
Event: 0,057 Thread 0x00007effbc0b4000 nmethod 61 0x00007effac6d3c10 code [0x00007effac6d3d60, 0x00007effac6d3e70]

GC Heap History (0 events):
No events

Deoptimization events (0 events):
No events

Internal exceptions (10 events):
Event: 0,013 Thread 0x00007effbc00c000 Exception <a 'java/lang/NoSuchMethodError': Method sun.misc.Unsafe.defineClass(Ljava/lang/String;[BII)Ljava/lang/Class; name or signature does not match> (0x000000076cd87ca8) thrown at [/build/openjdk-8-YiEakL/openjdk-8-8u121-b13/src/hotspot/src/share/vm/
Event: 0,013 Thread 0x00007effbc00c000 Exception <a 'java/lang/NoSuchMethodError': Method sun.misc.Unsafe.prefetchRead(Ljava/lang/Object;J)V name or signature does not match> (0x000000076cd87f90) thrown at [/build/openjdk-8-YiEakL/openjdk-8-8u121-b13/src/hotspot/src/share/vm/prims/jni.cpp, lin
Event: 0,056 Thread 0x00007effbc00c000 Exception <a 'java/security/PrivilegedActionException'> (0x000000076ce86ce8) thrown at [/build/openjdk-8-YiEakL/openjdk-8-8u121-b13/src/hotspot/src/share/vm/prims/jvm.cpp, line 1390]
Event: 0,056 Thread 0x00007effbc00c000 Exception <a 'java/security/PrivilegedActionException'> (0x000000076ce86ef8) thrown at [/build/openjdk-8-YiEakL/openjdk-8-8u121-b13/src/hotspot/src/share/vm/prims/jvm.cpp, line 1390]
Event: 0,056 Thread 0x00007effbc00c000 Exception <a 'java/security/PrivilegedActionException'> (0x000000076ce87c58) thrown at [/build/openjdk-8-YiEakL/openjdk-8-8u121-b13/src/hotspot/src/share/vm/prims/jvm.cpp, line 1390]
Event: 0,056 Thread 0x00007effbc00c000 Exception <a 'java/security/PrivilegedActionException'> (0x000000076ce87e68) thrown at [/build/openjdk-8-YiEakL/openjdk-8-8u121-b13/src/hotspot/src/share/vm/prims/jvm.cpp, line 1390]
Event: 0,056 Thread 0x00007effbc00c000 Exception <a 'java/security/PrivilegedActionException'> (0x000000076ce88c18) thrown at [/build/openjdk-8-YiEakL/openjdk-8-8u121-b13/src/hotspot/src/share/vm/prims/jvm.cpp, line 1390]
Event: 0,056 Thread 0x00007effbc00c000 Exception <a 'java/security/PrivilegedActionException'> (0x000000076ce88e28) thrown at [/build/openjdk-8-YiEakL/openjdk-8-8u121-b13/src/hotspot/src/share/vm/prims/jvm.cpp, line 1390]
Event: 0,056 Thread 0x00007effbc00c000 Exception <a 'java/security/PrivilegedActionException'> (0x000000076ce89b88) thrown at [/build/openjdk-8-YiEakL/openjdk-8-8u121-b13/src/hotspot/src/share/vm/prims/jvm.cpp, line 1390]
Event: 0,056 Thread 0x00007effbc00c000 Exception <a 'java/security/PrivilegedActionException'> (0x000000076ce89d98) thrown at [/build/openjdk-8-YiEakL/openjdk-8-8u121-b13/src/hotspot/src/share/vm/prims/jvm.cpp, line 1390]

Events (10 events):
Event: 0,065 loading class java/nio/charset/CoderResult
Event: 0,065 loading class java/nio/charset/CoderResult done
Event: 0,065 loading class java/nio/charset/CoderResult$1
Event: 0,065 loading class java/nio/charset/CoderResult$Cache
Event: 0,065 loading class java/nio/charset/CoderResult$Cache done
Event: 0,065 loading class java/nio/charset/CoderResult$1 done
Event: 0,065 loading class java/nio/charset/CoderResult$2
Event: 0,065 loading class java/nio/charset/CoderResult$2 done
Event: 0,065 loading class java/lang/ClassLoaderHelper
Event: 0,065 loading class java/lang/ClassLoaderHelper done


Dynamic libraries:
00400000-00401000 r-xp 00000000 08:15 11934391                           /usr/lib/jvm/java-8-openjdk-amd64/jre/bin/java
00600000-00601000 r--p 00000000 08:15 11934391                           /usr/lib/jvm/java-8-openjdk-amd64/jre/bin/java
00601000-00602000 rw-p 00001000 08:15 11934391                           /usr/lib/jvm/java-8-openjdk-amd64/jre/bin/java
00f35000-00f56000 rw-p 00000000 00:00 0                                  [heap]
6c6800000-6d0f00000 rw-p 00000000 00:00 0 
6d0f00000-76cd80000 ---p 00000000 00:00 0 
76cd80000-772080000 rw-p 00000000 00:00 0 
772080000-7c0000000 ---p 00000000 00:00 0 
7c0000000-7c0080000 rw-p 00000000 00:00 0 
7c0080000-800000000 ---p 00000000 00:00 0 
7eff64000000-7eff64021000 rw-p 00000000 00:00 0 
7eff64021000-7eff68000000 ---p 00000000 00:00 0 
7eff68000000-7eff68021000 rw-p 00000000 00:00 0 
7eff68021000-7eff6c000000 ---p 00000000 00:00 0 
7eff6c000000-7eff6c021000 rw-p 00000000 00:00 0 
7eff6c021000-7eff70000000 ---p 00000000 00:00 0 
7eff70000000-7eff70021000 rw-p 00000000 00:00 0 
7eff70021000-7eff74000000 ---p 00000000 00:00 0 
7eff74000000-7eff74021000 rw-p 00000000 00:00 0 
7eff74021000-7eff78000000 ---p 00000000 00:00 0 
7eff78000000-7eff7805f000 rw-p 00000000 00:00 0 
7eff7805f000-7eff7c000000 ---p 00000000 00:00 0 
7eff7c000000-7eff7c021000 rw-p 00000000 00:00 0 
7eff7c021000-7eff80000000 ---p 00000000 00:00 0 
7eff80000000-7eff80021000 rw-p 00000000 00:00 0 
7eff80021000-7eff84000000 ---p 00000000 00:00 0 
7eff84000000-7eff84021000 rw-p 00000000 00:00 0 
7eff84021000-7eff88000000 ---p 00000000 00:00 0 
7eff88000000-7eff88021000 rw-p 00000000 00:00 0 
7eff88021000-7eff8c000000 ---p 00000000 00:00 0 
7eff8c000000-7eff8c021000 rw-p 00000000 00:00 0 
7eff8c021000-7eff90000000 ---p 00000000 00:00 0 
7eff94000000-7eff94021000 rw-p 00000000 00:00 0 
7eff94021000-7eff98000000 ---p 00000000 00:00 0 
7eff9b76d000-7eff9b76f000 r-xp 00000000 08:15 11797840                   /usr/lib/libdevices.so
7eff9b76f000-7eff9b96e000 ---p 00002000 08:15 11797840                   /usr/lib/libdevices.so
7eff9b96e000-7eff9b96f000 r--p 00001000 08:15 11797840                   /usr/lib/libdevices.so
7eff9b96f000-7eff9b970000 rw-p 00002000 08:15 11797840                   /usr/lib/libdevices.so
7eff9b970000-7eff9ba71000 rw-p 00000000 00:00 0 
7eff9ba71000-7eff9ba72000 r-xp 00000000 08:15 22684195                   /home/robin/idea-IC-163.11103.6/bin/libbreakgen64.so
7eff9ba72000-7eff9bc71000 ---p 00001000 08:15 22684195                   /home/robin/idea-IC-163.11103.6/bin/libbreakgen64.so
7eff9bc71000-7eff9bc72000 r--p 00000000 08:15 22684195                   /home/robin/idea-IC-163.11103.6/bin/libbreakgen64.so
7eff9bc72000-7eff9bc73000 rw-p 00001000 08:15 22684195                   /home/robin/idea-IC-163.11103.6/bin/libbreakgen64.so
7eff9bc73000-7eff9bc75000 r--s 00019000 08:15 22675930                   /home/robin/idea-IC-163.11103.6/lib/idea_rt.jar
7eff9bc75000-7eff9bc78000 r--s 000fd000 08:15 23594522                   /home/robin/.m2/repository/org/fusesource/leveldbjni/leveldbjni-all/1.8/leveldbjni-all-1.8.jar
7eff9bc78000-7eff9bc79000 r--s 00003000 08:15 23594521                   /home/robin/.m2/repository/com/sun/jersey/contribs/jersey-guice/1.9/jersey-guice-1.9.jar
7eff9bc79000-7eff9bc8c000 r--s 000c7000 08:15 23594350                   /home/robin/.m2/repository/com/sun/xml/bind/jaxb-impl/2.2.3-1/jaxb-impl-2.2.3-1.jar
7eff9bc8c000-7eff9bc90000 r--s 00021000 08:15 23594330                   /home/robin/.m2/repository/com/sun/jersey/jersey-json/1.9/jersey-json-1.9.jar
7eff9bc90000-7eff9bc92000 r--s 00000000 08:15 23594527                   /home/robin/.m2/repository/aopalliance/aopalliance/1.0/aopalliance-1.0.jar
7eff9bc92000-7eff9bc93000 r--s 00000000 08:15 23594537                   /home/robin/.m2/repository/javax/inject/javax.inject/1/javax.inject-1.jar
7eff9bc93000-7eff9bca2000 r--s 0009f000 08:15 23594539                   /home/robin/.m2/repository/com/google/inject/guice/3.0/guice-3.0.jar
7eff9bca2000-7eff9bcaa000 r--s 0007b000 08:15 23594334                   /home/robin/.m2/repository/com/google/protobuf/protobuf-java/2.5.0/protobuf-java-2.5.0.jar
7eff9bcaa000-7eff9bcac000 r--s 0000e000 08:15 23594518                   /home/robin/.m2/repository/com/google/inject/extensions/guice-servlet/3.0/guice-servlet-3.0.jar
7eff9bcac000-7eff9bd25000 r--s 010fd000 08:15 11934529                   /usr/lib/jvm/java-8-openjdk-amd64/lib/tools.jar
7eff9bd25000-7eff9bd26000 r--s 00007000 08:15 24380827                   /home/robin/.m2/repository/org/slf4j/slf4j-api/1.7.10/slf4j-api-1.7.10.jar
7eff9bd26000-7eff9bd28000 r--s 0000e000 08:15 23594322                   /home/robin/.m2/repository/commons-logging/commons-logging/1.1.3/commons-logging-1.1.3.jar
7eff9bd28000-7eff9bd49000 r--s 00172000 08:15 23594383                   /home/robin/.m2/repository/com/google/guava/guava/11.0.2/guava-11.0.2.jar
7eff9bd49000-7eff9bd4d000 r--s 00028000 08:15 23594308                   /home/robin/.m2/repository/org/mortbay/jetty/jetty-util/6.1.26/jetty-util-6.1.26.jar
7eff9bd4d000-7eff9bd50000 r--s 0001d000 08:15 23594525                   /home/robin/.m2/repository/com/sun/jersey/jersey-client/1.9/jersey-client-1.9.jar
7eff9bd50000-7eff9bd5a000 r--s 00066000 08:15 23594389                   /home/robin/.m2/repository/com/sun/jersey/jersey-core/1.9/jersey-core-1.9.jar
7eff9bd5a000-7eff9bd5c000 r--s 0000d000 08:15 23594336                   /home/robin/.m2/repository/commons-codec/commons-codec/1.4/commons-codec-1.4.jar
7eff9bd5c000-7eff9bd5e000 r--s 00018000 08:15 23594339                   /home/robin/.m2/repository/javax/servlet/servlet-api/2.5/servlet-api-2.5.jar
7eff9bd5e000-7eff9bd63000 r--s 00041000 08:15 23594374                   /home/robin/.m2/repository/commons-lang/commons-lang/2.6/commons-lang-2.6.jar
7eff9bd63000-7eff9bd65000 r--s 0000f000 08:15 23594349                   /home/robin/.m2/repository/org/codehaus/jettison/jettison/1.1/jettison-1.1.jar
7eff9bd65000-7eff9bd67000 r--s 0000e000 08:15 23594355                   /home/robin/.m2/repository/javax/activation/activation/1.1/activation-1.1.jar
7eff9bd67000-7eff9bd69000 r--s 00004000 08:15 23594531                   /home/robin/.m2/repository/javax/xml/stream/stax-api/1.0-2/stax-api-1.0-2.jar
7eff9bd69000-7eff9bd6c000 r--s 00017000 08:15 23594353                   /home/robin/.m2/repository/javax/xml/bind/jaxb-api/2.2.2/jaxb-api-2.2.2.jar
7eff9bd6c000-7eff9bd6d000 r--s 00006000 08:15 24380824                   /home/robin/.m2/repository/org/codehaus/jackson/jackson-xc/1.9.13/jackson-xc-1.9.13.jar
7eff9bd6d000-7eff9bd71000 r--s 00014000 08:15 23594303                   /home/robin/.m2/repository/org/tukaani/xz/1.0/xz-1.0.jar
7eff9bd71000-7eff9bd76000 r--s 00036000 08:15 23594363                   /home/robin/.m2/repository/org/apache/commons/commons-compress/1.4.1/commons-compress-1.4.1.jar
7eff9bd76000-7eff9bd8d000 r--s 0010e000 08:15 23594535                   /home/robin/.m2/repository/io/netty/netty/3.6.2.Final/netty-3.6.2.Final.jar
7eff9bd8d000-7eff9bd99000 r--s 000b6000 08:15 24380842                   /home/robin/.m2/repository/org/apache/zookeeper/zookeeper/3.4.6/zookeeper-3.4.6.jar
7eff9bd99000-7eff9bda7000 r--s 000b1000 08:15 24380834                   /home/robin/.m2/repository/org/codehaus/jackson/jackson-mapper-asl/1.9.13/jackson-mapper-asl-1.9.13.jar
7eff9bda7000-7eff9bdab000 r--s 00035000 08:15 24380829                   /home/robin/.m2/repository/org/codehaus/jackson/jackson-core-asl/1.9.13/jackson-core-asl-1.9.13.jar
7eff9bdab000-7eff9bdb4000 r--s 0006f000 08:15 23594316                   /home/robin/.m2/repository/log4j/log4j/1.2.17/log4j-1.2.17.jar
7eff9bdb4000-7eff9bdc6000 r--s 0009d000 08:15 23594320                   /home/robin/.m2/repository/com/sun/jersey/jersey-server/1.9/jersey-server-1.9.jar
7eff9bdc6000-7eff9bdd9000 r--s 00346000 08:15 11934359                   /usr/lib/jvm/java-8-openjdk-amd64/jre/lib/resources.jar
7eff9bdd9000-7eff9bde3000 r--s 00116000 08:15 11934377                   /usr/lib/jvm/java-8-openjdk-amd64/jre/lib/ext/localedata.jar
7eff9bde3000-7eff9bdfe000 r--s 00394000 08:15 11934374                   /usr/lib/jvm/java-8-openjdk-amd64/jre/lib/ext/cldrdata.jar
7eff9bdfe000-7eff9bdff000 ---p 00000000 00:00 0 
7eff9bdff000-7eff9beff000 rw-p 00000000 00:00 0 
7eff9beff000-7eff9bf02000 ---p 00000000 00:00 0 
7eff9bf02000-7eff9c000000 rw-p 00000000 00:00 0 
7eff9c000000-7eff9c021000 rw-p 00000000 00:00 0 
7eff9c021000-7effa0000000 ---p 00000000 00:00 0 
7effa0000000-7effa0003000 r--s 00006000 08:15 23595501                   /home/robin/.m2/repository/com/google/code/findbugs/jsr305/3.0.0/jsr305-3.0.0.jar
7effa0003000-7effa0005000 r--s 00001000 08:15 24380844                   /home/robin/.m2/repository/org/slf4j/slf4j-log4j12/1.7.10/slf4j-log4j12-1.7.10.jar
7effa0005000-7effa0009000 r--s 0002a000 08:15 23594335                   /home/robin/.m2/repository/commons-io/commons-io/2.4/commons-io-2.4.jar
7effa0009000-7effa0024000 r--s 001d6000 08:15 11934371                   /usr/lib/jvm/java-8-openjdk-amd64/jre/lib/ext/nashorn.jar
7effa0024000-7effa0027000 ---p 00000000 00:00 0 
7effa0027000-7effa0125000 rw-p 00000000 00:00 0 
7effa0125000-7effa0128000 ---p 00000000 00:00 0 
7effa0128000-7effa0226000 rw-p 00000000 00:00 0 
7effa0226000-7effa0229000 ---p 00000000 00:00 0 
7effa0229000-7effa0327000 rw-p 00000000 00:00 0 
7effa0327000-7effa032a000 ---p 00000000 00:00 0 
7effa032a000-7effa0428000 rw-p 00000000 00:00 0 
7effa0428000-7effa1096000 r--p 00000000 08:15 11803438                   /usr/lib/locale/locale-archive
7effa1096000-7effa1099000 ---p 00000000 00:00 0 
7effa1099000-7effa1197000 rw-p 00000000 00:00 0 
7effa1197000-7effa119a000 ---p 00000000 00:00 0 
7effa119a000-7effa1298000 rw-p 00000000 00:00 0 
7effa1298000-7effa1299000 ---p 00000000 00:00 0 
7effa1299000-7effa239a000 rw-p 00000000 00:00 0 
7effa239a000-7effa2568000 r--s 03c06000 08:15 11934385                   /usr/lib/jvm/java-8-openjdk-amd64/jre/lib/rt.jar
7effa2568000-7effa29a8000 rw-p 00000000 00:00 0 
7effa29a8000-7effa2d68000 ---p 00000000 00:00 0 
7effa2d68000-7effab1f4000 rw-p 00000000 00:00 0 
7effab1f4000-7effab1f5000 ---p 00000000 00:00 0 
7effab1f5000-7effab2f5000 rw-p 00000000 00:00 0 
7effab2f5000-7effab2f6000 ---p 00000000 00:00 0 
7effab2f6000-7effab3f6000 rw-p 00000000 00:00 0 
7effab3f6000-7effab3f7000 ---p 00000000 00:00 0 
7effab3f7000-7effab54b000 rw-p 00000000 00:00 0 
7effab54b000-7effaba2a000 ---p 00000000 00:00 0 
7effaba2a000-7effaba7e000 rw-p 00000000 00:00 0 
7effaba7e000-7effabf5c000 ---p 00000000 00:00 0 
7effabf5c000-7effabf87000 rw-p 00000000 00:00 0 
7effabf87000-7effac1f6000 ---p 00000000 00:00 0 
7effac1f6000-7effac201000 rw-p 00000000 00:00 0 
7effac201000-7effac5b7000 ---p 00000000 00:00 0 
7effac5b7000-7effac827000 rwxp 00000000 00:00 0 
7effac827000-7effbb5b7000 ---p 00000000 00:00 0 
7effbb5b7000-7effbb5bf000 r-xp 00000000 08:15 11934330                   /usr/lib/jvm/java-8-openjdk-amd64/jre/lib/amd64/libzip.so
7effbb5bf000-7effbb7be000 ---p 00008000 08:15 11934330                   /usr/lib/jvm/java-8-openjdk-amd64/jre/lib/amd64/libzip.so
7effbb7be000-7effbb7bf000 r--p 00007000 08:15 11934330                   /usr/lib/jvm/java-8-openjdk-amd64/jre/lib/amd64/libzip.so
7effbb7bf000-7effbb7c0000 rw-p 00008000 08:15 11934330                   /usr/lib/jvm/java-8-openjdk-amd64/jre/lib/amd64/libzip.so
7effbb7c0000-7effbb7cb000 r-xp 00000000 08:15 27660656                   /lib/x86_64-linux-gnu/libnss_files-2.23.so
7effbb7cb000-7effbb9ca000 ---p 0000b000 08:15 27660656                   /lib/x86_64-linux-gnu/libnss_files-2.23.so
7effbb9ca000-7effbb9cb000 r--p 0000a000 08:15 27660656                   /lib/x86_64-linux-gnu/libnss_files-2.23.so
7effbb9cb000-7effbb9cc000 rw-p 0000b000 08:15 27660656                   /lib/x86_64-linux-gnu/libnss_files-2.23.so
7effbb9cc000-7effbb9d2000 rw-p 00000000 00:00 0 
7effbb9d2000-7effbb9dd000 r-xp 00000000 08:15 27656278                   /lib/x86_64-linux-gnu/libnss_nis-2.23.so
7effbb9dd000-7effbbbdc000 ---p 0000b000 08:15 27656278                   /lib/x86_64-linux-gnu/libnss_nis-2.23.so
7effbbbdc000-7effbbbdd000 r--p 0000a000 08:15 27656278                   /lib/x86_64-linux-gnu/libnss_nis-2.23.so
7effbbbdd000-7effbbbde000 rw-p 0000b000 08:15 27656278                   /lib/x86_64-linux-gnu/libnss_nis-2.23.so
7effbbbde000-7effbbbf4000 r-xp 00000000 08:15 27656289                   /lib/x86_64-linux-gnu/libnsl-2.23.so
7effbbbf4000-7effbbdf3000 ---p 00016000 08:15 27656289                   /lib/x86_64-linux-gnu/libnsl-2.23.so
7effbbdf3000-7effbbdf4000 r--p 00015000 08:15 27656289                   /lib/x86_64-linux-gnu/libnsl-2.23.so
7effbbdf4000-7effbbdf5000 rw-p 00016000 08:15 27656289                   /lib/x86_64-linux-gnu/libnsl-2.23.so
7effbbdf5000-7effbbdf7000 rw-p 00000000 00:00 0 
7effbbdf7000-7effbbdff000 r-xp 00000000 08:15 27656290                   /lib/x86_64-linux-gnu/libnss_compat-2.23.so
7effbbdff000-7effbbffe000 ---p 00008000 08:15 27656290                   /lib/x86_64-linux-gnu/libnss_compat-2.23.so
7effbbffe000-7effbbfff000 r--p 00007000 08:15 27656290                   /lib/x86_64-linux-gnu/libnss_compat-2.23.so
7effbbfff000-7effbc000000 rw-p 00008000 08:15 27656290                   /lib/x86_64-linux-gnu/libnss_compat-2.23.so
7effbc000000-7effbc338000 rw-p 00000000 00:00 0 
7effbc338000-7effc0000000 ---p 00000000 00:00 0 
7effc0000000-7effc0001000 r--s 00004000 08:15 24380839                   /home/robin/.m2/repository/org/codehaus/jackson/jackson-jaxrs/1.9.13/jackson-jaxrs-1.9.13.jar
7effc0001000-7effc0003000 r--s 00009000 08:15 23594315                   /home/robin/.m2/repository/commons-cli/commons-cli/1.2/commons-cli-1.2.jar
7effc0003000-7effc0007000 r--s 0009a000 08:15 11934381                   /usr/lib/jvm/java-8-openjdk-amd64/jre/lib/jsse.jar
7effc0007000-7effc007d000 rw-p 00000000 00:00 0 
7effc007d000-7effc007e000 ---p 00000000 00:00 0 
7effc007e000-7effc017e000 rw-p 00000000 00:00 0 
7effc017e000-7effc01ab000 r-xp 00000000 08:15 11934357                   /usr/lib/jvm/java-8-openjdk-amd64/jre/lib/amd64/libjava.so
7effc01ab000-7effc03aa000 ---p 0002d000 08:15 11934357                   /usr/lib/jvm/java-8-openjdk-amd64/jre/lib/amd64/libjava.so
7effc03aa000-7effc03ab000 r--p 0002c000 08:15 11934357                   /usr/lib/jvm/java-8-openjdk-amd64/jre/lib/amd64/libjava.so
7effc03ab000-7effc03ad000 rw-p 0002d000 08:15 11934357                   /usr/lib/jvm/java-8-openjdk-amd64/jre/lib/amd64/libjava.so
7effc03ad000-7effc03bc000 r-xp 00000000 08:15 11934323                   /usr/lib/jvm/java-8-openjdk-amd64/jre/lib/amd64/libverify.so
7effc03bc000-7effc05bb000 ---p 0000f000 08:15 11934323                   /usr/lib/jvm/java-8-openjdk-amd64/jre/lib/amd64/libverify.so
7effc05bb000-7effc05bd000 r--p 0000e000 08:15 11934323                   /usr/lib/jvm/java-8-openjdk-amd64/jre/lib/amd64/libverify.so
7effc05bd000-7effc05be000 rw-p 00010000 08:15 11934323                   /usr/lib/jvm/java-8-openjdk-amd64/jre/lib/amd64/libverify.so
7effc05be000-7effc05c5000 r-xp 00000000 08:15 27656277                   /lib/x86_64-linux-gnu/librt-2.23.so
7effc05c5000-7effc07c4000 ---p 00007000 08:15 27656277                   /lib/x86_64-linux-gnu/librt-2.23.so
7effc07c4000-7effc07c5000 r--p 00006000 08:15 27656277                   /lib/x86_64-linux-gnu/librt-2.23.so
7effc07c5000-7effc07c6000 rw-p 00007000 08:15 27656277                   /lib/x86_64-linux-gnu/librt-2.23.so
7effc07c6000-7effc07dc000 r-xp 00000000 08:15 27660676                   /lib/x86_64-linux-gnu/libgcc_s.so.1
7effc07dc000-7effc09db000 ---p 00016000 08:15 27660676                   /lib/x86_64-linux-gnu/libgcc_s.so.1
7effc09db000-7effc09dc000 rw-p 00015000 08:15 27660676                   /lib/x86_64-linux-gnu/libgcc_s.so.1
7effc09dc000-7effc0ae4000 r-xp 00000000 08:15 27656287                   /lib/x86_64-linux-gnu/libm-2.23.so
7effc0ae4000-7effc0ce3000 ---p 00108000 08:15 27656287                   /lib/x86_64-linux-gnu/libm-2.23.so
7effc0ce3000-7effc0ce4000 r--p 00107000 08:15 27656287                   /lib/x86_64-linux-gnu/libm-2.23.so
7effc0ce4000-7effc0ce5000 rw-p 00108000 08:15 27656287                   /lib/x86_64-linux-gnu/libm-2.23.so
7effc0ce5000-7effc0e57000 r-xp 00000000 08:15 11798657                   /usr/lib/x86_64-linux-gnu/libstdc++.so.6.0.21
7effc0e57000-7effc1057000 ---p 00172000 08:15 11798657                   /usr/lib/x86_64-linux-gnu/libstdc++.so.6.0.21
7effc1057000-7effc1061000 r--p 00172000 08:15 11798657                   /usr/lib/x86_64-linux-gnu/libstdc++.so.6.0.21
7effc1061000-7effc1063000 rw-p 0017c000 08:15 11798657                   /usr/lib/x86_64-linux-gnu/libstdc++.so.6.0.21
7effc1063000-7effc1067000 rw-p 00000000 00:00 0 
7effc1067000-7effc1cb7000 r-xp 00000000 08:15 11934352                   /usr/lib/jvm/java-8-openjdk-amd64/jre/lib/amd64/server/libjvm.so
7effc1cb7000-7effc1eb6000 ---p 00c50000 08:15 11934352                   /usr/lib/jvm/java-8-openjdk-amd64/jre/lib/amd64/server/libjvm.so
7effc1eb6000-7effc1f49000 r--p 00c4f000 08:15 11934352                   /usr/lib/jvm/java-8-openjdk-amd64/jre/lib/amd64/server/libjvm.so
7effc1f49000-7effc1f72000 rw-p 00ce2000 08:15 11934352                   /usr/lib/jvm/java-8-openjdk-amd64/jre/lib/amd64/server/libjvm.so
7effc1f72000-7effc1fa2000 rw-p 00000000 00:00 0 
7effc1fa2000-7effc1fba000 r-xp 00000000 08:15 27656288                   /lib/x86_64-linux-gnu/libpthread-2.23.so
7effc1fba000-7effc21b9000 ---p 00018000 08:15 27656288                   /lib/x86_64-linux-gnu/libpthread-2.23.so
7effc21b9000-7effc21ba000 r--p 00017000 08:15 27656288                   /lib/x86_64-linux-gnu/libpthread-2.23.so
7effc21ba000-7effc21bb000 rw-p 00018000 08:15 27656288                   /lib/x86_64-linux-gnu/libpthread-2.23.so
7effc21bb000-7effc21bf000 rw-p 00000000 00:00 0 
7effc21bf000-7effc21c2000 r-xp 00000000 08:15 27656281                   /lib/x86_64-linux-gnu/libdl-2.23.so
7effc21c2000-7effc23c1000 ---p 00003000 08:15 27656281                   /lib/x86_64-linux-gnu/libdl-2.23.so
7effc23c1000-7effc23c2000 r--p 00002000 08:15 27656281                   /lib/x86_64-linux-gnu/libdl-2.23.so
7effc23c2000-7effc23c3000 rw-p 00003000 08:15 27656281                   /lib/x86_64-linux-gnu/libdl-2.23.so
7effc23c3000-7effc23dc000 r-xp 00000000 08:15 27660829                   /lib/x86_64-linux-gnu/libz.so.1.2.8
7effc23dc000-7effc25db000 ---p 00019000 08:15 27660829                   /lib/x86_64-linux-gnu/libz.so.1.2.8
7effc25db000-7effc25dc000 r--p 00018000 08:15 27660829                   /lib/x86_64-linux-gnu/libz.so.1.2.8
7effc25dc000-7effc25dd000 rw-p 00019000 08:15 27660829                   /lib/x86_64-linux-gnu/libz.so.1.2.8
7effc25dd000-7effc279c000 r-xp 00000000 08:15 27656282                   /lib/x86_64-linux-gnu/libc-2.23.so
7effc279c000-7effc299c000 ---p 001bf000 08:15 27656282                   /lib/x86_64-linux-gnu/libc-2.23.so
7effc299c000-7effc29a0000 r--p 001bf000 08:15 27656282                   /lib/x86_64-linux-gnu/libc-2.23.so
7effc29a0000-7effc29a2000 rw-p 001c3000 08:15 27656282                   /lib/x86_64-linux-gnu/libc-2.23.so
7effc29a2000-7effc29a6000 rw-p 00000000 00:00 0 
7effc29a6000-7effc29b3000 r-xp 00000000 08:15 11934346                   /usr/lib/jvm/java-8-openjdk-amd64/jre/lib/amd64/jli/libjli.so
7effc29b3000-7effc2bb3000 ---p 0000d000 08:15 11934346                   /usr/lib/jvm/java-8-openjdk-amd64/jre/lib/amd64/jli/libjli.so
7effc2bb3000-7effc2bb4000 r--p 0000d000 08:15 11934346                   /usr/lib/jvm/java-8-openjdk-amd64/jre/lib/amd64/jli/libjli.so
7effc2bb4000-7effc2bb5000 rw-p 0000e000 08:15 11934346                   /usr/lib/jvm/java-8-openjdk-amd64/jre/lib/amd64/jli/libjli.so
7effc2bb5000-7effc2bdb000 r-xp 00000000 08:15 27656197                   /lib/x86_64-linux-gnu/ld-2.23.so
7effc2bdb000-7effc2bdc000 r--s 0000a000 08:15 23594304                   /home/robin/.m2/repository/asm/asm/3.2/asm-3.2.jar
7effc2bdc000-7effc2bdf000 r--s 00015000 08:15 11934382                   /usr/lib/jvm/java-8-openjdk-amd64/jre/lib/jce.jar
7effc2bdf000-7effc2be4000 r--s 002f9000 08:15 11934384                   /usr/lib/jvm/java-8-openjdk-amd64/jre/lib/charsets.jar
7effc2be4000-7effc2be9000 r--s 0003b000 08:15 11934378                   /usr/lib/jvm/java-8-openjdk-amd64/jre/lib/ext/sunjce_provider.jar
7effc2be9000-7effc2cba000 rw-p 00000000 00:00 0 
7effc2cba000-7effc2cbd000 ---p 00000000 00:00 0 
7effc2cbd000-7effc2dc0000 rw-p 00000000 00:00 0 
7effc2dc0000-7effc2dc1000 r--s 00000000 08:15 11934315                   /usr/lib/jvm/java-8-openjdk-amd64/jre/lib/management-agent.jar
7effc2dc1000-7effc2dc3000 r--s 00008000 08:15 11934370                   /usr/lib/jvm/java-8-openjdk-amd64/jre/lib/ext/sunec.jar
7effc2dc3000-7effc2dc5000 r--s 00001000 08:15 11934372                   /usr/lib/jvm/java-8-openjdk-amd64/jre/lib/ext/dnsns.jar
7effc2dc5000-7effc2dc6000 r--s 00010000 08:15 11934375                   /usr/lib/jvm/java-8-openjdk-amd64/jre/lib/ext/zipfs.jar
7effc2dc6000-7effc2dca000 r--s 00037000 08:15 11934376                   /usr/lib/jvm/java-8-openjdk-amd64/jre/lib/ext/sunpkcs11.jar
7effc2dca000-7effc2dcd000 r--s 0000f000 08:15 11934373                   /usr/lib/jvm/java-8-openjdk-amd64/jre/lib/ext/icedtea-sound.jar
7effc2dcd000-7effc2dce000 r--s 0000a000 08:15 11934379                   /usr/lib/jvm/java-8-openjdk-amd64/jre/lib/ext/jaccess.jar
7effc2dce000-7effc2dd6000 rw-s 00000000 08:15 5636148                    /tmp/hsperfdata_robin/2812
7effc2dd6000-7effc2dd7000 rw-p 00000000 00:00 0 
7effc2dd7000-7effc2dd8000 r--p 00000000 00:00 0 
7effc2dd8000-7effc2dda000 rw-p 00000000 00:00 0 
7effc2dda000-7effc2ddb000 r--p 00025000 08:15 27656197                   /lib/x86_64-linux-gnu/ld-2.23.so
7effc2ddb000-7effc2ddc000 rw-p 00026000 08:15 27656197                   /lib/x86_64-linux-gnu/ld-2.23.so
7effc2ddc000-7effc2ddd000 rw-p 00000000 00:00 0 
7ffe44168000-7ffe4418a000 rw-p 00000000 00:00 0                          [stack]
7ffe441d2000-7ffe441d4000 r--p 00000000 00:00 0                          [vvar]
7ffe441d4000-7ffe441d6000 r-xp 00000000 00:00 0                          [vdso]
ffffffffff600000-ffffffffff601000 r-xp 00000000 00:00 0                  [vsyscall]

VM Arguments:
jvm_args: -Didea.launcher.port=7537 -Didea.launcher.bin.path=/home/robin/idea-IC-163.11103.6/bin -Dfile.encoding=UTF-8 
java_command: com.intellij.rt.execution.application.AppMain org.apache.hadoop.yarn.server.nodemanager.util.devices.NvidiaManagementLibrary
java_class_path (initial): /usr/lib/jvm/java-1.8.0-openjdk-amd64/jre/lib/charsets.jar:/usr/lib/jvm/java-1.8.0-openjdk-amd64/jre/lib/ext/cldrdata.jar:/usr/lib/jvm/java-1.8.0-openjdk-amd64/jre/lib/ext/dnsns.jar:/usr/lib/jvm/java-1.8.0-openjdk-amd64/jre/lib/ext/icedtea-sound.jar:/usr/lib/jvm/java-1.8.0-openjdk-amd64/jre/lib/ext/jaccess.jar:/usr/lib/jvm/java-1.8.0-openjdk-amd64/jre/lib/ext/localedata.jar:/usr/lib/jvm/java-1.8.0-openjdk-amd64/jre/lib/ext/nashorn.jar:/usr/lib/jvm/java-1.8.0-openjdk-amd64/jre/lib/ext/sunec.jar:/usr/lib/jvm/java-1.8.0-openjdk-amd64/jre/lib/ext/sunjce_provider.jar:/usr/lib/jvm/java-1.8.0-openjdk-amd64/jre/lib/ext/sunpkcs11.jar:/usr/lib/jvm/java-1.8.0-openjdk-amd64/jre/lib/ext/zipfs.jar:/usr/lib/jvm/java-1.8.0-openjdk-amd64/jre/lib/jce.jar:/usr/lib/jvm/java-1.8.0-openjdk-amd64/jre/lib/jsse.jar:/usr/lib/jvm/java-1.8.0-openjdk-amd64/jre/lib/management-agent.jar:/usr/lib/jvm/java-1.8.0-openjdk-amd64/jre/lib/resources.jar:/usr/lib/jvm/java-1.8.0-openjdk-amd64/jre/lib/rt.jar:/home/robin/Skrivbord/hops/hadoop-yarn-project/hadoop-yarn/hadoop-yarn-server/hadoop-yarn-server-nodemanager/target/classes:/home/robin/.m2/repository/commons-cli/commons-cli/1.2/commons-cli-1.2.jar:/home/robin/.m2/repository/commons-io/commons-io/2.4/commons-io-2.4.jar:/home/robin/.m2/repository/com/sun/jersey/jersey-server/1.9/jersey-server-1.9.jar:/home/robin/.m2/repository/asm/asm/3.2/asm-3.2.jar:/home/robin/.m2/repository/log4j/log4j/1.2.17/log4j-1.2.17.jar:/home/robin/.m2/repository/org/slf4j/slf4j-log4j12/1.7.10/slf4j-log4j12-1.7.10.jar:/home/robin/.m2/repository/org/codehaus/jackson/jackson-core-asl/1.9.13/jackson-core-asl-1.9.13.jar:/home/robin/.m2/repository/org/codehaus/jackson/jackson-mapper-asl/1.9.13/jackson-mapper-asl-1.9.13.jar:/home/robin/.m2/repository/com/google/code/findbugs/jsr305/3.0.0/jsr305-3.0.0.jar:/home/robin/.m2/repository/org/apache/zookeeper/zookeeper/3.4.6/zookeeper-3.4.6.jar:/home/robin/.m2/repository/io/netty/netty/3.6.2.Final/netty-3.6.2.Fin
Launcher Type: SUN_STANDARD

Environment Variables:
JAVA_HOME=/usr/lib/jvm/java-8-oracle
PATH=/home/robin/bin:/home/robin/.local/bin:/usr/local/sbin:/usr/local/bin:/usr/sbin:/usr/bin:/sbin:/bin:/usr/games:/usr/local/games:/snap/bin:/usr/lib/jvm/java-8-oracle/bin:/usr/lib/jvm/java-8-oracle/db/bin:/usr/lib/jvm/java-8-oracle/jre/bin
LD_LIBRARY_PATH=/home/robin/idea-IC-163.11103.6/bin:usr/lib
SHELL=/bin/bash
DISPLAY=:0

Signal Handlers:
SIGSEGV: [libjvm.so+0xa66fd0], sa_mask[0]=11111111011111111101111111111110, sa_flags=SA_RESTART|SA_SIGINFO
SIGBUS: [libjvm.so+0xa66fd0], sa_mask[0]=11111111011111111101111111111110, sa_flags=SA_RESTART|SA_SIGINFO
SIGFPE: [libjvm.so+0x8b0180], sa_mask[0]=11111111011111111101111111111110, sa_flags=SA_RESTART|SA_SIGINFO
SIGPIPE: [libjvm.so+0x8b0180], sa_mask[0]=11111111011111111101111111111110, sa_flags=SA_RESTART|SA_SIGINFO
SIGXFSZ: [libjvm.so+0x8b0180], sa_mask[0]=11111111011111111101111111111110, sa_flags=SA_RESTART|SA_SIGINFO
SIGILL: [libjvm.so+0x8b0180], sa_mask[0]=11111111011111111101111111111110, sa_flags=SA_RESTART|SA_SIGINFO
SIGUSR1: SIG_DFL, sa_mask[0]=00000000000000000000000000000000, sa_flags=none
SIGUSR2: [libjvm.so+0x8b0030], sa_mask[0]=00100000000000000000000000000000, sa_flags=SA_RESTART|SA_SIGINFO
SIGHUP: [libjvm.so+0x8b0500], sa_mask[0]=11111111011111111101111111111110, sa_flags=SA_RESTART|SA_SIGINFO
SIGINT: [libjvm.so+0x8b0500], sa_mask[0]=11111111011111111101111111111110, sa_flags=SA_RESTART|SA_SIGINFO
SIGTERM: [libjvm.so+0x8b0500], sa_mask[0]=11111111011111111101111111111110, sa_flags=SA_RESTART|SA_SIGINFO
SIGQUIT: [libjvm.so+0x8b0500], sa_mask[0]=11111111011111111101111111111110, sa_flags=SA_RESTART|SA_SIGINFO


---------------  S Y S T E M  ---------------

OS:DISTRIB_ID=Ubuntu
DISTRIB_RELEASE=16.04
DISTRIB_CODENAME=xenial
DISTRIB_DESCRIPTION="Ubuntu 16.04.1 LTS"

uname:Linux 4.4.0-62-generic #83-Ubuntu SMP Wed Jan 18 14:10:15 UTC 2017 x86_64
libc:glibc 2.23 NPTL 2.23 
rlimit: STACK 8192k, CORE 0k, NPROC 63694, NOFILE 65536, AS infinity
load average:1,71 1,07 0,66

/proc/meminfo:
MemTotal:       16350972 kB
MemFree:        13202188 kB
MemAvailable:   14003024 kB
Buffers:           77160 kB
Cached:          1003932 kB
SwapCached:            0 kB
Active:          2259552 kB
Inactive:         616196 kB
Active(anon):    1795776 kB
Inactive(anon):    60144 kB
Active(file):     463776 kB
Inactive(file):   556052 kB
Unevictable:           0 kB
Mlocked:               0 kB
SwapTotal:      16693244 kB
SwapFree:       16693244 kB
Dirty:             23244 kB
Writeback:             0 kB
AnonPages:       1794832 kB
Mapped:           380480 kB
Shmem:             61260 kB
Slab:             113380 kB
SReclaimable:      76700 kB
SUnreclaim:        36680 kB
KernelStack:        9664 kB
PageTables:        32660 kB
NFS_Unstable:          0 kB
Bounce:                0 kB
WritebackTmp:          0 kB
CommitLimit:    24868728 kB
Committed_AS:    6223500 kB
VmallocTotal:   34359738367 kB
VmallocUsed:           0 kB
VmallocChunk:          0 kB
HardwareCorrupted:     0 kB
AnonHugePages:    604160 kB
CmaTotal:              0 kB
CmaFree:               0 kB
HugePages_Total:       0
HugePages_Free:        0
HugePages_Rsvd:        0
HugePages_Surp:        0
Hugepagesize:       2048 kB
DirectMap4k:      176356 kB
DirectMap2M:     4984832 kB
DirectMap1G:    11534336 kB


CPU:total 4 (4 cores per cpu, 1 threads per core) family 6 model 94 stepping 3, cmov, cx8, fxsr, mmx, sse, sse2, sse3, ssse3, sse4.1, sse4.2, popcnt, avx, avx2, aes, clmul, erms, rtm, 3dnowpref, lzcnt, tsc, tscinvbit, bmi1, bmi2, adx

/proc/cpuinfo:
processor	: 0
vendor_id	: GenuineIntel
cpu family	: 6
model		: 94
model name	: Intel(R) Core(TM) i5-6600K CPU @ 3.50GHz
stepping	: 3
microcode	: 0x39
cpu MHz		: 4099.921
cache size	: 6144 KB
physical id	: 0
siblings	: 4
core id		: 0
cpu cores	: 4
apicid		: 0
initial apicid	: 0
fpu		: yes
fpu_exception	: yes
cpuid level	: 22
wp		: yes
flags		: fpu vme de pse tsc msr pae mce cx8 apic sep mtrr pge mca cmov pat pse36 clflush dts acpi mmx fxsr sse sse2 ss ht tm pbe syscall nx pdpe1gb rdtscp lm constant_tsc art arch_perfmon pebs bts rep_good nopl xtopology nonstop_tsc aperfmperf eagerfpu pni pclmulqdq dtes64 monitor ds_cpl vmx est tm2 ssse3 sdbg fma cx16 xtpr pdcm pcid sse4_1 sse4_2 x2apic movbe popcnt tsc_deadline_timer aes xsave avx f16c rdrand lahf_lm abm 3dnowprefetch epb intel_pt tpr_shadow vnmi flexpriority ept vpid fsgsbase tsc_adjust bmi1 hle avx2 smep bmi2 erms invpcid rtm mpx rdseed adx smap clflushopt xsaveopt xsavec xgetbv1 dtherm ida arat pln pts hwp hwp_notify hwp_act_window hwp_epp
bugs		:
bogomips	: 7008.16
clflush size	: 64
cache_alignment	: 64
address sizes	: 39 bits physical, 48 bits virtual
power management:

processor	: 1
vendor_id	: GenuineIntel
cpu family	: 6
model		: 94
model name	: Intel(R) Core(TM) i5-6600K CPU @ 3.50GHz
stepping	: 3
microcode	: 0x39
cpu MHz		: 4099.921
cache size	: 6144 KB
physical id	: 0
siblings	: 4
core id		: 1
cpu cores	: 4
apicid		: 2
initial apicid	: 2
fpu		: yes
fpu_exception	: yes
cpuid level	: 22
wp		: yes
flags		: fpu vme de pse tsc msr pae mce cx8 apic sep mtrr pge mca cmov pat pse36 clflush dts acpi mmx fxsr sse sse2 ss ht tm pbe syscall nx pdpe1gb rdtscp lm constant_tsc art arch_perfmon pebs bts rep_good nopl xtopology nonstop_tsc aperfmperf eagerfpu pni pclmulqdq dtes64 monitor ds_cpl vmx est tm2 ssse3 sdbg fma cx16 xtpr pdcm pcid sse4_1 sse4_2 x2apic movbe popcnt tsc_deadline_timer aes xsave avx f16c rdrand lahf_lm abm 3dnowprefetch epb intel_pt tpr_shadow vnmi flexpriority ept vpid fsgsbase tsc_adjust bmi1 hle avx2 smep bmi2 erms invpcid rtm mpx rdseed adx smap clflushopt xsaveopt xsavec xgetbv1 dtherm ida arat pln pts hwp hwp_notify hwp_act_window hwp_epp
bugs		:
bogomips	: 7008.16
clflush size	: 64
cache_alignment	: 64
address sizes	: 39 bits physical, 48 bits virtual
power management:

processor	: 2
vendor_id	: GenuineIntel
cpu family	: 6
model		: 94
model name	: Intel(R) Core(TM) i5-6600K CPU @ 3.50GHz
stepping	: 3
microcode	: 0x39
cpu MHz		: 4099.921
cache size	: 6144 KB
physical id	: 0
siblings	: 4
core id		: 2
cpu cores	: 4
apicid		: 4
initial apicid	: 4
fpu		: yes
fpu_exception	: yes
cpuid level	: 22
wp		: yes
flags		: fpu vme de pse tsc msr pae mce cx8 apic sep mtrr pge mca cmov pat pse36 clflush dts acpi mmx fxsr sse sse2 ss ht tm pbe syscall nx pdpe1gb rdtscp lm constant_tsc art arch_perfmon pebs bts rep_good nopl xtopology nonstop_tsc aperfmperf eagerfpu pni pclmulqdq dtes64 monitor ds_cpl vmx est tm2 ssse3 sdbg fma cx16 xtpr pdcm pcid sse4_1 sse4_2 x2apic movbe popcnt tsc_deadline_timer aes xsave avx f16c rdrand lahf_lm abm 3dnowprefetch epb intel_pt tpr_shadow vnmi flexpriority ept vpid fsgsbase tsc_adjust bmi1 hle avx2 smep bmi2 erms invpcid rtm mpx rdseed adx smap clflushopt xsaveopt xsavec xgetbv1 dtherm ida arat pln pts hwp hwp_notify hwp_act_window hwp_epp
bugs		:
bogomips	: 7008.16
clflush size	: 64
cache_alignment	: 64
address sizes	: 39 bits physical, 48 bits virtual
power management:

processor	: 3
vendor_id	: GenuineIntel
cpu family	: 6
model		: 94
model name	: Intel(R) Core(TM) i5-6600K CPU @ 3.50GHz
stepping	: 3
microcode	: 0x39
cpu MHz		: 4099.921
cache size	: 6144 KB
physical id	: 0
siblings	: 4
core id		: 3
cpu cores	: 4
apicid		: 6
initial apicid	: 6
fpu		: yes
fpu_exception	: yes
cpuid level	: 22
wp		: yes
flags		: fpu vme de pse tsc msr pae mce cx8 apic sep mtrr pge mca cmov pat pse36 clflush dts acpi mmx fxsr sse sse2 ss ht tm pbe syscall nx pdpe1gb rdtscp lm constant_tsc art arch_perfmon pebs bts rep_good nopl xtopology nonstop_tsc aperfmperf eagerfpu pni pclmulqdq dtes64 monitor ds_cpl vmx est tm2 ssse3 sdbg fma cx16 xtpr pdcm pcid sse4_1 sse4_2 x2apic movbe popcnt tsc_deadline_timer aes xsave avx f16c rdrand lahf_lm abm 3dnowprefetch epb intel_pt tpr_shadow vnmi flexpriority ept vpid fsgsbase tsc_adjust bmi1 hle avx2 smep bmi2 erms invpcid rtm mpx rdseed adx smap clflushopt xsaveopt xsavec xgetbv1 dtherm ida arat pln pts hwp hwp_notify hwp_act_window hwp_epp
bugs		:
bogomips	: 7008.16
clflush size	: 64
cache_alignment	: 64
address sizes	: 39 bits physical, 48 bits virtual
power management:



Memory: 4k page, physical 16350972k(13202188k free), swap 16693244k(16693244k free)

vm_info: OpenJDK 64-Bit Server VM (25.121-b13) for linux-amd64 JRE (1.8.0_121-8u121-b13-0ubuntu1.16.04.2-b13), built on Jan 23 2017 15:51:29 by "buildd" with gcc 5.4.0 20160609

time: Sat Feb 11 20:04:50 2017
elapsed time: 0 seconds (0d 0h 0m 0s)

